<?xml version="1.0" encoding="UTF-8"?>
<!-- Generated by org.testng.reporters.JUnitReportReporter -->
<testsuite skipped="0" hostname="acer-PC" name="ebay.com.DriverTestFile" tests="1" failures="0" timestamp="21 Jul 2020 13:46:55 GMT" time="52.237" errors="0">
  <testcase name="mytest" time="52.237" classname="ebay.com.DriverTestFile"/>
</testsuite> <!-- ebay.com.DriverTestFile -->
